<?xml version="1.0" encoding="UTF-8"?>
<testsuite xmlns:xsi="http://www.w3.org/2001/XMLSchema-instance" xsi:noNamespaceSchemaLocation="https://maven.apache.org/surefire/maven-surefire-plugin/xsd/surefire-test-report-3.0.xsd" version="3.0" name="VehicleTest" time="0.239" tests="8" errors="0" skipped="0" failures="0">
  <properties>
[...]
</properties>
  <testcase name="rentShouldSetIsAvailableToFalseAfterSuccessfulRental" classname="VehicleTest" time="0.108"/>
  <testcase name="rentShouldReturnFalseWhenVehicleIsUnavailable" classname="VehicleTest" time="0.003"/>
  <testcase name="setVehicleIdShouldThrowExceptionWhenNull" classname="VehicleTest" time="0.009"/>
  <testcase name="returnVehicleShouldReturnFalseWhenAlreadyAvailable" classname="VehicleTest" time="0.003"/>
  <testcase name="toStringShouldCorrectlyFormatVehicleDetails" classname="VehicleTest" time="0.031"/>
  <testcase name="setBaseRentalRateShouldThrowExceptionWhenZero" classname="VehicleTest" time="0.003"/>
  <testcase name="returnVehicleShouldSetIsAvailableToTrueAfterSuccessfulReturn" classname="VehicleTest" time="0.002"/>
  <testcase name="setModelShouldThrowExceptionWhenNull" classname="VehicleTest" time="0.004"/>
</testsuite>